[2026-01-05T13:59:07.379+0000] {taskinstance.py:1956} INFO - Dependencies all met for dep_context=non-requeueable deps ti=<TaskInstance: stock_analysis.run_stock_analysis_serverless_job manual__2026-01-05T13:49:00.504782+00:00 [queued]>
[2026-01-05T13:59:07.396+0000] {taskinstance.py:1956} INFO - Dependencies all met for dep_context=requeueable deps ti=<TaskInstance: stock_analysis.run_stock_analysis_serverless_job manual__2026-01-05T13:49:00.504782+00:00 [queued]>
[2026-01-05T13:59:07.397+0000] {taskinstance.py:2170} INFO - Starting attempt 3 of 3
[2026-01-05T13:59:07.423+0000] {taskinstance.py:2191} INFO - Executing <Task(DatabricksRunNowOperator): run_stock_analysis_serverless_job> on 2026-01-05 13:49:00.504782+00:00
[2026-01-05T13:59:07.433+0000] {standard_task_runner.py:60} INFO - Started process 345 to run task
[2026-01-05T13:59:07.440+0000] {standard_task_runner.py:87} INFO - Running: ['***', 'tasks', 'run', 'stock_analysis', 'run_stock_analysis_serverless_job', 'manual__2026-01-05T13:49:00.504782+00:00', '--job-id', '6', '--raw', '--subdir', 'DAGS_FOLDER/stock_analytics_performance.py', '--cfg-path', '/tmp/tmpqe47c6zh']
[2026-01-05T13:59:07.445+0000] {standard_task_runner.py:88} INFO - Job 6: Subtask run_stock_analysis_serverless_job
[2026-01-05T13:59:07.574+0000] {task_command.py:423} INFO - Running <TaskInstance: stock_analysis.run_stock_analysis_serverless_job manual__2026-01-05T13:49:00.504782+00:00 [running]> on host 0742391070d6
[2026-01-05T13:59:07.701+0000] {taskinstance.py:2480} INFO - Exporting env vars: AIRFLOW_CTX_DAG_OWNER='Gayathri' AIRFLOW_CTX_DAG_ID='stock_analysis' AIRFLOW_CTX_TASK_ID='run_stock_analysis_serverless_job' AIRFLOW_CTX_EXECUTION_DATE='2026-01-05T13:49:00.504782+00:00' AIRFLOW_CTX_TRY_NUMBER='3' AIRFLOW_CTX_DAG_RUN_ID='manual__2026-01-05T13:49:00.504782+00:00'
[2026-01-05T13:59:07.717+0000] {base.py:83} INFO - Using connection ID 'databricks_default' for task execution.
[2026-01-05T13:59:07.720+0000] {databricks_base.py:546} INFO - Using basic auth.
[2026-01-05T13:59:09.054+0000] {taskinstance.py:2698} ERROR - Task failed with exception
Traceback (most recent call last):
  File "/home/airflow/.local/lib/python3.8/site-packages/airflow/providers/databricks/hooks/databricks_base.py", line 562, in _do_api_call
    for attempt in self._get_retry_object():
  File "/home/airflow/.local/lib/python3.8/site-packages/tenacity/__init__.py", line 347, in __iter__
    do = self.iter(retry_state=retry_state)
  File "/home/airflow/.local/lib/python3.8/site-packages/tenacity/__init__.py", line 314, in iter
    return fut.result()
  File "/usr/local/lib/python3.8/concurrent/futures/_base.py", line 437, in result
    return self.__get_result()
  File "/usr/local/lib/python3.8/concurrent/futures/_base.py", line 389, in __get_result
    raise self._exception
  File "/home/airflow/.local/lib/python3.8/site-packages/airflow/providers/databricks/hooks/databricks_base.py", line 572, in _do_api_call
    response.raise_for_status()
  File "/home/airflow/.local/lib/python3.8/site-packages/requests/models.py", line 1021, in raise_for_status
    raise HTTPError(http_error_msg, response=self)
requests.exceptions.HTTPError: 403 Client Error: Forbidden for url: https://dbc-f6f0285d-6cd9.cloud.databricks.com/api/2.1/jobs/run-now

During handling of the above exception, another exception occurred:

Traceback (most recent call last):
  File "/home/airflow/.local/lib/python3.8/site-packages/airflow/models/taskinstance.py", line 433, in _execute_task
    result = execute_callable(context=context, **execute_callable_kwargs)
  File "/home/airflow/.local/lib/python3.8/site-packages/airflow/providers/databricks/operators/databricks.py", line 918, in execute
    self.run_id = hook.run_now(self.json)
  File "/home/airflow/.local/lib/python3.8/site-packages/airflow/providers/databricks/hooks/databricks.py", line 253, in run_now
    response = self._do_api_call(RUN_NOW_ENDPOINT, json)
  File "/home/airflow/.local/lib/python3.8/site-packages/airflow/providers/databricks/hooks/databricks_base.py", line 579, in _do_api_call
    raise AirflowException(msg)
airflow.exceptions.AirflowException: Response: {"error_code":403,"message":"User *** is not allowed to use the access token provided. [ReqId: 24871103-7d2e-9141-9c5c-70ab7b24c94b]"}, Status Code: 403
[2026-01-05T13:59:09.066+0000] {taskinstance.py:1138} INFO - Marking task as FAILED. dag_id=stock_analysis, task_id=run_stock_analysis_serverless_job, execution_date=20260105T134900, start_date=20260105T135907, end_date=20260105T135909
[2026-01-05T13:59:09.091+0000] {standard_task_runner.py:107} ERROR - Failed to execute job 6 for task run_stock_analysis_serverless_job (Response: {"error_code":403,"message":"User *** is not allowed to use the access token provided. [ReqId: 24871103-7d2e-9141-9c5c-70ab7b24c94b]"}, Status Code: 403; 345)
[2026-01-05T13:59:09.114+0000] {local_task_job_runner.py:234} INFO - Task exited with return code 1
[2026-01-05T13:59:09.154+0000] {taskinstance.py:3280} INFO - 0 downstream tasks scheduled from follow-on schedule check
