[2026-01-05T13:38:04.796+0000] {taskinstance.py:1956} INFO - Dependencies all met for dep_context=non-requeueable deps ti=<TaskInstance: stock_analysis.run_stock_analysis_serverless_job manual__2026-01-05T13:38:03.905374+00:00 [queued]>
[2026-01-05T13:38:04.816+0000] {taskinstance.py:1956} INFO - Dependencies all met for dep_context=requeueable deps ti=<TaskInstance: stock_analysis.run_stock_analysis_serverless_job manual__2026-01-05T13:38:03.905374+00:00 [queued]>
[2026-01-05T13:38:04.818+0000] {taskinstance.py:2170} INFO - Starting attempt 1 of 3
[2026-01-05T13:38:04.848+0000] {taskinstance.py:2191} INFO - Executing <Task(DatabricksRunNowOperator): run_stock_analysis_serverless_job> on 2026-01-05 13:38:03.905374+00:00
[2026-01-05T13:38:04.857+0000] {standard_task_runner.py:60} INFO - Started process 293 to run task
[2026-01-05T13:38:04.863+0000] {standard_task_runner.py:87} INFO - Running: ['***', 'tasks', 'run', 'stock_analysis', 'run_stock_analysis_serverless_job', 'manual__2026-01-05T13:38:03.905374+00:00', '--job-id', '5', '--raw', '--subdir', 'DAGS_FOLDER/stock_analytics_performance.py', '--cfg-path', '/tmp/tmpf8o2d0rg']
[2026-01-05T13:38:04.867+0000] {standard_task_runner.py:88} INFO - Job 5: Subtask run_stock_analysis_serverless_job
[2026-01-05T13:38:05.012+0000] {task_command.py:423} INFO - Running <TaskInstance: stock_analysis.run_stock_analysis_serverless_job manual__2026-01-05T13:38:03.905374+00:00 [running]> on host e4349a9156ca
[2026-01-05T13:38:05.195+0000] {taskinstance.py:2480} INFO - Exporting env vars: AIRFLOW_CTX_DAG_OWNER='Gayathri' AIRFLOW_CTX_DAG_ID='stock_analysis' AIRFLOW_CTX_TASK_ID='run_stock_analysis_serverless_job' AIRFLOW_CTX_EXECUTION_DATE='2026-01-05T13:38:03.905374+00:00' AIRFLOW_CTX_TRY_NUMBER='1' AIRFLOW_CTX_DAG_RUN_ID='manual__2026-01-05T13:38:03.905374+00:00'
[2026-01-05T13:38:05.213+0000] {base.py:83} INFO - Using connection ID 'databricks_default' for task execution.
[2026-01-05T13:38:05.218+0000] {databricks_base.py:546} INFO - Using basic auth.
[2026-01-05T13:38:06.550+0000] {taskinstance.py:2698} ERROR - Task failed with exception
Traceback (most recent call last):
  File "/home/airflow/.local/lib/python3.8/site-packages/airflow/providers/databricks/hooks/databricks_base.py", line 562, in _do_api_call
    for attempt in self._get_retry_object():
  File "/home/airflow/.local/lib/python3.8/site-packages/tenacity/__init__.py", line 347, in __iter__
    do = self.iter(retry_state=retry_state)
  File "/home/airflow/.local/lib/python3.8/site-packages/tenacity/__init__.py", line 314, in iter
    return fut.result()
  File "/usr/local/lib/python3.8/concurrent/futures/_base.py", line 437, in result
    return self.__get_result()
  File "/usr/local/lib/python3.8/concurrent/futures/_base.py", line 389, in __get_result
    raise self._exception
  File "/home/airflow/.local/lib/python3.8/site-packages/airflow/providers/databricks/hooks/databricks_base.py", line 572, in _do_api_call
    response.raise_for_status()
  File "/home/airflow/.local/lib/python3.8/site-packages/requests/models.py", line 1021, in raise_for_status
    raise HTTPError(http_error_msg, response=self)
requests.exceptions.HTTPError: 401 Client Error: Unauthorized for url: https://dbc-f6f0285d-6cd9.cloud.databricks.com/api/2.1/jobs/run-now

During handling of the above exception, another exception occurred:

Traceback (most recent call last):
  File "/home/airflow/.local/lib/python3.8/site-packages/airflow/models/taskinstance.py", line 433, in _execute_task
    result = execute_callable(context=context, **execute_callable_kwargs)
  File "/home/airflow/.local/lib/python3.8/site-packages/airflow/providers/databricks/operators/databricks.py", line 918, in execute
    self.run_id = hook.run_now(self.json)
  File "/home/airflow/.local/lib/python3.8/site-packages/airflow/providers/databricks/hooks/databricks.py", line 253, in run_now
    response = self._do_api_call(RUN_NOW_ENDPOINT, json)
  File "/home/airflow/.local/lib/python3.8/site-packages/airflow/providers/databricks/hooks/databricks_base.py", line 579, in _do_api_call
    raise AirflowException(msg)
airflow.exceptions.AirflowException: Response: {"error_code":401,"message":"Unauthorized [ReqId: 08121c76-ec23-986e-a641-dd20f50c1544]"}, Status Code: 401
[2026-01-05T13:38:06.560+0000] {taskinstance.py:1138} INFO - Marking task as UP_FOR_RETRY. dag_id=stock_analysis, task_id=run_stock_analysis_serverless_job, execution_date=20260105T133803, start_date=20260105T133804, end_date=20260105T133806
[2026-01-05T13:38:06.587+0000] {standard_task_runner.py:107} ERROR - Failed to execute job 5 for task run_stock_analysis_serverless_job (Response: {"error_code":401,"message":"Unauthorized [ReqId: 08121c76-ec23-986e-a641-dd20f50c1544]"}, Status Code: 401; 293)
[2026-01-05T13:38:06.601+0000] {local_task_job_runner.py:234} INFO - Task exited with return code 1
[2026-01-05T13:38:06.635+0000] {taskinstance.py:3280} INFO - 0 downstream tasks scheduled from follow-on schedule check
